mode: set
github.com/natkazb/sql-migrator/cmd/gomigrator/main.go:7.13,9.2 1 0
github.com/natkazb/sql-migrator/internal/cli/commands.go:20.16,30.42 5 0
github.com/natkazb/sql-migrator/internal/cli/commands.go:30.42,32.3 1 0
github.com/natkazb/sql-migrator/internal/cli/commands.go:35.19,37.16 2 0
github.com/natkazb/sql-migrator/internal/cli/commands.go:37.16,40.3 2 0
github.com/natkazb/sql-migrator/internal/cli/commands.go:42.2,50.55 3 0
github.com/natkazb/sql-migrator/internal/cli/commands.go:56.45,57.20 1 0
github.com/natkazb/sql-migrator/internal/cli/commands.go:57.20,60.4 2 0
github.com/natkazb/sql-migrator/internal/cli/commands.go:61.3,61.50 1 0
github.com/natkazb/sql-migrator/internal/cli/commands.go:68.45,69.20 1 0
github.com/natkazb/sql-migrator/internal/cli/commands.go:69.20,72.4 2 0
github.com/natkazb/sql-migrator/internal/cli/commands.go:73.3,73.49 1 0
github.com/natkazb/sql-migrator/internal/cli/commands.go:80.42,82.3 1 0
github.com/natkazb/sql-migrator/internal/cli/commands.go:88.42,90.3 1 0
github.com/natkazb/sql-migrator/internal/cli/commands.go:96.42,98.3 1 0
github.com/natkazb/sql-migrator/internal/cli/commands.go:104.45,106.20 2 0
github.com/natkazb/sql-migrator/internal/cli/commands.go:106.20,108.18 2 0
github.com/natkazb/sql-migrator/internal/cli/commands.go:108.18,111.5 2 0
github.com/natkazb/sql-migrator/internal/cli/commands.go:112.4,112.23 1 0
github.com/natkazb/sql-migrator/internal/cli/commands.go:114.3,114.22 1 0
github.com/natkazb/sql-migrator/internal/cli/commands.go:121.42,123.3 1 0
github.com/natkazb/sql-migrator/internal/dbsql/db.go:41.44,47.2 1 0
github.com/natkazb/sql-migrator/internal/dbsql/db.go:49.36,52.2 2 0
github.com/natkazb/sql-migrator/internal/dbsql/db.go:54.28,55.17 1 0
github.com/natkazb/sql-migrator/internal/dbsql/db.go:55.17,57.3 1 0
github.com/natkazb/sql-migrator/internal/dbsql/db.go:58.2,58.21 1 0
github.com/natkazb/sql-migrator/internal/dbsql/db.go:61.27,63.16 2 0
github.com/natkazb/sql-migrator/internal/dbsql/db.go:63.16,65.3 1 0
github.com/natkazb/sql-migrator/internal/dbsql/db.go:66.2,67.12 2 0
github.com/natkazb/sql-migrator/internal/dbsql/db.go:70.44,81.2 4 0
github.com/natkazb/sql-migrator/internal/dbsql/db.go:84.55,86.16 2 0
github.com/natkazb/sql-migrator/internal/dbsql/db.go:86.16,89.3 2 0
github.com/natkazb/sql-migrator/internal/dbsql/db.go:91.2,102.16 3 0
github.com/natkazb/sql-migrator/internal/dbsql/db.go:102.16,104.19 2 0
github.com/natkazb/sql-migrator/internal/dbsql/db.go:104.19,106.4 1 0
github.com/natkazb/sql-migrator/internal/dbsql/db.go:107.3,108.13 2 0
github.com/natkazb/sql-migrator/internal/dbsql/db.go:112.2,113.16 2 0
github.com/natkazb/sql-migrator/internal/dbsql/db.go:113.16,115.19 2 0
github.com/natkazb/sql-migrator/internal/dbsql/db.go:115.19,117.4 1 0
github.com/natkazb/sql-migrator/internal/dbsql/db.go:118.3,119.13 2 0
github.com/natkazb/sql-migrator/internal/dbsql/db.go:122.2,132.16 2 0
github.com/natkazb/sql-migrator/internal/dbsql/db.go:132.16,134.19 2 0
github.com/natkazb/sql-migrator/internal/dbsql/db.go:134.19,136.4 1 0
github.com/natkazb/sql-migrator/internal/dbsql/db.go:137.3,138.13 2 0
github.com/natkazb/sql-migrator/internal/dbsql/db.go:141.2,142.16 2 0
github.com/natkazb/sql-migrator/internal/dbsql/db.go:142.16,145.3 2 0
github.com/natkazb/sql-migrator/internal/dbsql/db.go:147.2,147.12 1 0
github.com/natkazb/sql-migrator/internal/dbsql/db.go:151.41,160.16 4 0
github.com/natkazb/sql-migrator/internal/dbsql/db.go:160.16,162.3 1 0
github.com/natkazb/sql-migrator/internal/dbsql/db.go:163.2,164.22 2 0
github.com/natkazb/sql-migrator/internal/dbsql/db.go:164.22,170.3 1 0
github.com/natkazb/sql-migrator/internal/dbsql/db.go:171.2,171.24 1 0
github.com/natkazb/sql-migrator/internal/dbsql/db.go:175.52,176.16 1 0
github.com/natkazb/sql-migrator/internal/dbsql/db.go:176.16,178.3 1 0
github.com/natkazb/sql-migrator/internal/dbsql/db.go:179.2,186.16 4 0
github.com/natkazb/sql-migrator/internal/dbsql/db.go:186.16,188.3 1 0
github.com/natkazb/sql-migrator/internal/dbsql/db.go:189.2,190.22 2 0
github.com/natkazb/sql-migrator/internal/dbsql/db.go:190.22,192.3 1 0
github.com/natkazb/sql-migrator/internal/dbsql/db.go:193.2,193.24 1 0
github.com/natkazb/sql-migrator/internal/dbsql/db.go:196.42,204.16 4 0
github.com/natkazb/sql-migrator/internal/dbsql/db.go:204.16,206.3 1 0
github.com/natkazb/sql-migrator/internal/dbsql/db.go:207.2,207.21 1 0
github.com/natkazb/sql-migrator/internal/config/config.go:29.49,31.16 2 0
github.com/natkazb/sql-migrator/internal/config/config.go:31.16,33.3 1 0
github.com/natkazb/sql-migrator/internal/config/config.go:34.2,38.48 4 0
github.com/natkazb/sql-migrator/internal/config/config.go:38.48,40.3 1 0
github.com/natkazb/sql-migrator/internal/config/config.go:41.2,41.20 1 0
github.com/natkazb/sql-migrator/internal/migration/migrator.go:26.56,32.2 1 0
github.com/natkazb/sql-migrator/internal/migration/migrator.go:34.57,36.2 1 0
github.com/natkazb/sql-migrator/internal/migration/migrator.go:38.38,43.16 5 0
github.com/natkazb/sql-migrator/internal/migration/migrator.go:43.16,46.3 2 0
github.com/natkazb/sql-migrator/internal/migration/migrator.go:47.2,48.16 2 0
github.com/natkazb/sql-migrator/internal/migration/migrator.go:48.16,51.3 2 0
github.com/natkazb/sql-migrator/internal/migration/migrator.go:52.2,53.16 2 0
github.com/natkazb/sql-migrator/internal/migration/migrator.go:53.16,56.3 2 0
github.com/natkazb/sql-migrator/internal/migration/migrator.go:60.2,61.29 2 0
github.com/natkazb/sql-migrator/internal/migration/migrator.go:61.29,62.42 1 0
github.com/natkazb/sql-migrator/internal/migration/migrator.go:62.42,64.12 2 0
github.com/natkazb/sql-migrator/internal/migration/migrator.go:67.3,69.17 3 0
github.com/natkazb/sql-migrator/internal/migration/migrator.go:69.17,71.9 2 0
github.com/natkazb/sql-migrator/internal/migration/migrator.go:75.3,76.17 2 0
github.com/natkazb/sql-migrator/internal/migration/migrator.go:76.17,78.9 2 0
github.com/natkazb/sql-migrator/internal/migration/migrator.go:81.3,82.17 2 0
github.com/natkazb/sql-migrator/internal/migration/migrator.go:82.17,84.4 1 0
github.com/natkazb/sql-migrator/internal/migration/migrator.go:84.9,86.9 2 0
github.com/natkazb/sql-migrator/internal/migration/migrator.go:91.40,95.2 1 0
github.com/natkazb/sql-migrator/internal/migration/migrator.go:97.36,101.2 1 0
github.com/natkazb/sql-migrator/internal/migration/migrator.go:103.42,106.16 3 0
github.com/natkazb/sql-migrator/internal/migration/migrator.go:106.16,108.3 1 0
github.com/natkazb/sql-migrator/internal/migration/migrator.go:109.2,110.16 2 0
github.com/natkazb/sql-migrator/internal/migration/migrator.go:110.16,112.3 1 0
github.com/natkazb/sql-migrator/internal/migration/migrator.go:113.2,113.45 1 0
github.com/natkazb/sql-migrator/internal/migration/migrator.go:116.36,119.16 3 0
github.com/natkazb/sql-migrator/internal/migration/migrator.go:119.16,121.3 1 0
github.com/natkazb/sql-migrator/internal/migration/migrator.go:123.2,124.16 2 0
github.com/natkazb/sql-migrator/internal/migration/migrator.go:124.16,126.3 1 0
github.com/natkazb/sql-migrator/internal/migration/migrator.go:127.2,127.63 1 0
github.com/natkazb/sql-migrator/internal/migration/parser.go:36.55,38.4 1 0
github.com/natkazb/sql-migrator/internal/migration/parser.go:39.54,41.4 1 0
github.com/natkazb/sql-migrator/internal/migration/parser.go:42.53,46.4 1 0
github.com/natkazb/sql-migrator/internal/migration/parser.go:50.64,52.41 2 0
github.com/natkazb/sql-migrator/internal/migration/parser.go:52.41,54.3 1 0
github.com/natkazb/sql-migrator/internal/migration/parser.go:54.8,54.47 1 0
github.com/natkazb/sql-migrator/internal/migration/parser.go:54.47,56.3 1 0
github.com/natkazb/sql-migrator/internal/migration/parser.go:57.2,57.37 1 0
github.com/natkazb/sql-migrator/internal/migration/parser.go:62.63,68.82 5 0
github.com/natkazb/sql-migrator/internal/migration/parser.go:68.82,70.3 1 0
github.com/natkazb/sql-migrator/internal/migration/parser.go:72.2,79.8 3 0
github.com/natkazb/sql-migrator/internal/migration/parser.go:84.56,88.2 1 0
github.com/natkazb/sql-migrator/internal/logger/logger.go:30.32,32.9 2 1
github.com/natkazb/sql-migrator/internal/logger/logger.go:32.9,34.3 1 0
github.com/natkazb/sql-migrator/internal/logger/logger.go:35.2,37.3 1 1
github.com/natkazb/sql-migrator/internal/logger/logger.go:40.35,41.22 1 1
github.com/natkazb/sql-migrator/internal/logger/logger.go:41.22,43.3 1 1
github.com/natkazb/sql-migrator/internal/logger/logger.go:46.35,47.22 1 1
github.com/natkazb/sql-migrator/internal/logger/logger.go:47.22,49.3 1 1
github.com/natkazb/sql-migrator/internal/logger/logger.go:52.34,53.21 1 1
github.com/natkazb/sql-migrator/internal/logger/logger.go:53.21,55.3 1 1
github.com/natkazb/sql-migrator/internal/logger/logger.go:58.34,59.21 1 1
github.com/natkazb/sql-migrator/internal/logger/logger.go:59.21,61.3 1 1
github.com/natkazb/sql-migrator/internal/mpath/mpath.go:51.48,56.2 1 1
github.com/natkazb/sql-migrator/internal/mpath/mpath.go:58.56,63.16 5 1
github.com/natkazb/sql-migrator/internal/mpath/mpath.go:63.16,65.3 1 0
github.com/natkazb/sql-migrator/internal/mpath/mpath.go:66.2,69.24 3 1
github.com/natkazb/sql-migrator/internal/mpath/mpath.go:69.24,71.3 1 0
github.com/natkazb/sql-migrator/internal/mpath/mpath.go:72.2,73.16 2 1
github.com/natkazb/sql-migrator/internal/mpath/mpath.go:73.16,75.3 1 0
github.com/natkazb/sql-migrator/internal/mpath/mpath.go:76.2,76.62 1 1
github.com/natkazb/sql-migrator/internal/mpath/mpath.go:79.53,82.16 3 1
github.com/natkazb/sql-migrator/internal/mpath/mpath.go:82.16,85.3 2 0
github.com/natkazb/sql-migrator/internal/mpath/mpath.go:88.2,89.32 2 1
github.com/natkazb/sql-migrator/internal/mpath/mpath.go:89.32,90.20 1 1
github.com/natkazb/sql-migrator/internal/mpath/mpath.go:90.20,91.12 1 0
github.com/natkazb/sql-migrator/internal/mpath/mpath.go:93.3,94.17 2 1
github.com/natkazb/sql-migrator/internal/mpath/mpath.go:94.17,96.12 2 0
github.com/natkazb/sql-migrator/internal/mpath/mpath.go:98.3,101.5 1 1
github.com/natkazb/sql-migrator/internal/mpath/mpath.go:105.2,105.44 1 1
github.com/natkazb/sql-migrator/internal/mpath/mpath.go:105.44,107.3 1 1
github.com/natkazb/sql-migrator/internal/mpath/mpath.go:109.2,109.37 1 1
github.com/natkazb/sql-migrator/internal/mpath/mpath.go:109.37,111.3 1 1
github.com/natkazb/sql-migrator/internal/mpath/mpath.go:113.2,113.19 1 1
